app/build/outputs/logs/manifest-merger-arm7-debug-report.txt
-- Merging decision tree log ---
manifest
ADDED from src/main/AndroidManifest.xml:2:1-19:12
	xmlns:android
		ADDED from src/main/AndroidManifest.xml:2:11-69
	package
		ADDED from src/main/AndroidManifest.xml:3:11-39
		INJECTED from src/main/AndroidManifest.xml
		INJECTED from src/main/AndroidManifest.xml
uses-feature#0x00020000
ADDED from src/main/AndroidManifest.xml:4:3-51
	android:glEsVersion
		ADDED from src/main/AndroidManifest.xml:4:17-49
application
ADDED from src/main/AndroidManifest.xml:5:3-18:17
	android:label
		ADDED from src/main/AndroidManifest.xml:7:7-46
	android:icon
		ADDED from src/main/AndroidManifest.xml:6:7-41
activity#android.app.NativeActivity
ADDED from src/main/AndroidManifest.xml:8:5-17:16
	android:label
		ADDED from src/main/AndroidManifest.xml:9:15-39
	android:configChanges
		ADDED from src/main/AndroidManifest.xml:12:15-65
	android:theme
		ADDED from src/main/AndroidManifest.xml:10:15-73
	android:name
		ADDED from src/main/AndroidManifest.xml:8:15-56
	android:launchMode
		ADDED from src/main/AndroidManifest.xml:11:15-46
intent-filter#android.intent.action.MAIN+android.intent.category.LAUNCHER
ADDED from src/main/AndroidManifest.xml:13:7-16:23
action#android.intent.action.MAIN
ADDED from src/main/AndroidManifest.xml:14:9-61
	android:name
		ADDED from src/main/AndroidManifest.xml:14:17-58
category#android.intent.category.LAUNCHER
ADDED from src/main/AndroidManifest.xml:15:9-69
	android:name
		ADDED from src/main/AndroidManifest.xml:15:19-66
uses-sdk
INJECTED from src/main/AndroidManifest.xml reason: use-sdk injection requested
	android:targetSdkVersion
		INJECTED from src/main/AndroidManifest.xml
		INJECTED from src/main/AndroidManifest.xml
	android:minSdkVersion
		INJECTED from src/main/AndroidManifest.xml
		INJECTED from src/main/AndroidManifest.xml